<?xml version="1.0" encoding="UTF-8"?>
<!-- Generated by org.testng.reporters.JUnitReportReporter -->
<testsuite hostname="DESKTOP-U5U0T8C" failures="0" tests="1" name="locators.DaynamicXpath" time="0.101" errors="0" timestamp="2024-08-29T19:00:30 EDT" skipped="0">
  <testcase classname="locators.DaynamicXpath" name="daynamicxPathFormula" time="0.101"/>
  <system-out/>
</testsuite> <!-- locators.DaynamicXpath -->
