<?xml version="1.0" encoding="UTF-8"?>
<!-- Generated by org.testng.reporters.JUnitReportReporter -->
<testsuite hostname="DESKTOP-U5U0T8C" failures="0" tests="2" name="webDriverCommand.HowToOpenBrowserAndApplication" time="7.229" errors="0" timestamp="2024-07-16T03:39:08 EDT" skipped="0">
  <testcase classname="webDriverCommand.HowToOpenBrowserAndApplication" name="openApplicationWithEdge" time="4.109"/>
  <system-out/>
  <testcase classname="webDriverCommand.HowToOpenBrowserAndApplication" name="openapplicationWithChrome" time="3.120"/>
  <system-out/>
</testsuite> <!-- webDriverCommand.HowToOpenBrowserAndApplication -->
