<?xml version="1.0" encoding="UTF-8"?>
<!-- Generated by org.testng.reporters.JUnitReportReporter -->
<testsuite hostname="DESKTOP-U5U0T8C" failures="0" tests="2" name="locators.BasicXpath" time="0.870" errors="0" timestamp="2024-08-29T19:11:38 EDT" skipped="0">
  <testcase classname="locators.BasicXpath" name="xPathFormula" time="0.269"/>
  <system-out/>
  <testcase classname="locators.BasicXpath" name="linkXpath" time="0.601"/>
  <system-out/>
</testsuite> <!-- locators.BasicXpath -->
